
Mar 02, 2020 13:51:35.67 NEW SESSION
Mar 02, 2020 13:51:35.67 
Mar 02, 2020 13:51:35.68 ###!!! [Child][RunMessage] Error: Channel closing: too late to send/recv, messages will be lost
Mar 02, 2020 13:51:35.69 
Mar 02, 2020 13:51:35.69 
Mar 02, 2020 13:51:35.70 ###!!! [Child][MessageChannel::SendAndWait] Error: Channel error: cannot send/recv
Mar 02, 2020 13:51:35.70 
Mar 02, 2020 14:53:16.90 
Mar 02, 2020 14:53:16.91 ###!!! [Child][MessageChannel::SendAndWait] Error: Channel error: cannot send/recv
Mar 02, 2020 14:53:16.92 
Mar 02, 2020 14:58:54.21 
Mar 02, 2020 14:58:54.22 ###!!! [Child][MessageChannel::SendAndWait] Error: Channel error: cannot send/recv
Mar 02, 2020 14:58:54.23 
Mar 02, 2020 15:26:44.87 
Mar 02, 2020 15:26:44.88 ###!!! [Child][MessageChannel::SendAndWait] Error: Channel error: cannot send/recv
Mar 02, 2020 15:26:44.89 
Mar 02, 2020 15:27:55.56 
Mar 02, 2020 15:27:55.57 ###!!! [Child][MessageChannel::SendAndWait] Error: Channel error: cannot send/recv
Mar 02, 2020 15:27:55.59 
Mar 02, 2020 15:39:43.54 
Mar 02, 2020 15:39:43.56 ###!!! [Child][MessageChannel::SendAndWait] Error: Channel error: cannot send/recv
Mar 02, 2020 15:39:43.58 
Mar 02, 2020 15:40:13.57 
Mar 02, 2020 15:40:13.58 ###!!! [Child][MessageChannel::SendAndWait] Error: Channel error: cannot send/recv
Mar 02, 2020 15:40:13.59 
Mar 02, 2020 15:47:12.90 
Mar 02, 2020 15:47:12.92 ###!!! [Child][MessageChannel::SendAndWait] Error: Channel error: cannot send/recv
Mar 02, 2020 15:47:12.94 
Mar 02, 2020 15:48:06.23 
Mar 02, 2020 15:48:06.24 ###!!! [Child][MessageChannel::SendAndWait] Error: Channel error: cannot send/recv
Mar 02, 2020 15:48:06.25 
Mar 02, 2020 15:50:03.25 
Mar 02, 2020 15:50:03.27 ###!!! [Child][MessageChannel::SendAndWait] Error: Channel error: cannot send/recv
Mar 02, 2020 15:50:03.28 
Mar 02, 2020 15:53:44.64 
Mar 02, 2020 15:53:44.66 ###!!! [Child][RunMessage] Error: Channel closing: too late to send/recv, messages will be lost
Mar 02, 2020 15:53:44.67 
Mar 02, 2020 15:53:44.69 
Mar 02, 2020 15:53:44.69 ###!!! [Child][MessageChannel::SendAndWait] Error: Channel error: cannot send/recv
Mar 02, 2020 15:53:44.70 
Mar 02, 2020 15:56:55.04 
Mar 02, 2020 15:56:55.05 ###!!! [Child][MessageChannel::SendAndWait] Error: Channel error: cannot send/recv
Mar 02, 2020 15:56:55.06 
Mar 02, 2020 15:57:26.62 
Mar 02, 2020 15:57:26.63 ###!!! [Child][MessageChannel::SendAndWait] Error: Channel error: cannot send/recv
Mar 02, 2020 15:57:26.64 
Mar 02, 2020 16:40:30.48 
Mar 02, 2020 16:40:30.55 ###!!! [Child][MessageChannel::SendAndWait] Error: Channel error: cannot send/recv
Mar 02, 2020 16:40:30.55 
Mar 02, 2020 16:42:10.16 
Mar 02, 2020 16:42:10.17 ###!!! [Child][MessageChannel::SendAndWait] Error: Channel error: cannot send/recv
Mar 02, 2020 16:42:10.18 

Mar 02, 2020 18:27:55.54 NEW SESSION
Mar 02, 2020 18:27:55.54 
Mar 02, 2020 18:27:55.60 ###!!! [Child][MessageChannel::SendAndWait] Error: Channel error: cannot send/recv
Mar 02, 2020 18:27:55.61 
Mar 02, 2020 18:36:15.49 
Mar 02, 2020 18:36:15.52 ###!!! [Child][RunMessage] Error: Channel closing: too late to send/recv, messages will be lost
Mar 02, 2020 18:36:15.54 
Mar 02, 2020 18:36:15.56 
Mar 02, 2020 18:36:15.57 ###!!! [Child][MessageChannel::SendAndWait] Error: Channel error: cannot send/recv
Mar 02, 2020 18:36:15.58 
Mar 02, 2020 18:39:53.56 
Mar 02, 2020 18:39:53.57 ###!!! [Child][MessageChannel::SendAndWait] Error: Channel error: cannot send/recv
Mar 02, 2020 18:39:53.59 
Mar 03, 2020 12:09:00.30 
Mar 03, 2020 12:09:00.32 ###!!! [Child][MessageChannel] Error: (msgtype=0x1E003C,name=PBrowser::Msg___delete__) Channel closing: too late to send/recv, messages will be lost
Mar 03, 2020 12:09:00.33 
Mar 03, 2020 12:09:00.33 [Child 1064, Chrome_ChildThread] WARNING: pipe error: 232: file z:/task_1581954009/build/src/ipc/chromium/src/chrome/common/ipc_channel_win.cc, line 507
Mar 03, 2020 12:09:00.72 
Mar 03, 2020 12:09:00.73 ###!!! [Child][MessageChannel::SendAndWait] Error: Channel error: cannot send/recv
Mar 03, 2020 12:09:00.74 
Mar 03, 2020 12:09:31.18 
Mar 03, 2020 12:09:31.19 ###!!! [Child][MessageChannel::SendAndWait] Error: Channel error: cannot send/recv
Mar 03, 2020 12:09:31.21 
Mar 03, 2020 18:54:43.74 
Mar 03, 2020 18:54:43.85 ###!!! [Child][RunMessage] Error: Channel closing: too late to send/recv, messages will be lost
Mar 03, 2020 18:54:43.86 
Mar 03, 2020 19:17:01.11 IPDL protocol error: Handler returned error code!
Mar 03, 2020 19:17:01.17 
Mar 03, 2020 19:17:01.19 ###!!! [Parent][DispatchAsyncMessage] Error: PLayerTransaction::Msg_ReleaseLayer Processing error: message was deserialized, but the handler returned false (indicating failure)
Mar 03, 2020 19:17:01.35 
Mar 03, 2020 19:17:01.36 IPDL protocol error: Handler returned error code!
Mar 03, 2020 19:17:01.37 
Mar 03, 2020 19:17:01.38 ###!!! [Parent][DispatchAsyncMessage] Error: PLayerTransaction::Msg_ReleaseLayer Processing error: message was deserialized, but the handler returned false (indicating failure)
Mar 03, 2020 19:17:01.39 
Mar 03, 2020 19:17:01.75 
Mar 03, 2020 19:17:01.77 ###!!! [Child][MessageChannel::SendAndWait] Error: Channel error: cannot send/recv
Mar 03, 2020 19:17:01.78 
Mar 03, 2020 19:33:57.51 
Mar 03, 2020 19:33:57.53 ###!!! [Child][MessageChannel::SendAndWait] Error: Channel error: cannot send/recv
Mar 03, 2020 19:33:57.55 
Mar 04, 2020 19:16:22.94 
Mar 04, 2020 19:16:23.03 ###!!! [Child][MessageChannel::SendAndWait] Error: Channel error: cannot send/recv
Mar 04, 2020 19:16:23.04 

Mar 05, 2020 14:34:02.90 NEW SESSION
Mar 05, 2020 14:34:02.90 [Parent 8044, Gecko_IOThread] WARNING: file z:/task_1581954009/build/src/ipc/chromium/src/base/process_util_win.cc, line 160

Mar 09, 2020 11:22:58.27 NEW SESSION
Mar 09, 2020 11:22:58.27 
Mar 09, 2020 11:22:58.35 ###!!! [Child][RunMessage] Error: Channel closing: too late to send/recv, messages will be lost
Mar 09, 2020 11:22:58.36 
Mar 09, 2020 11:22:58.36 
Mar 09, 2020 11:22:58.37 ###!!! [Child][MessageChannel::SendAndWait] Error: Channel error: cannot send/recv
Mar 09, 2020 11:22:58.38 
